1675221348.140435 client started (824388): version 3.2a, socket /tmp/tmux-1000/default, protocol 8
1675221348.140764 on Linux 6.0.12-76060006-generic #202212290932~1674139725~22.04~ca93ccf SMP PREEMPT_DYNAMIC Thu J
1675221348.140862 using libevent 2.1.12-stable (poll); ncurses 6.3
1675221348.140974 flags are 0x10010000
1675221348.141045 socket is /tmp/tmux-1000/default
1675221348.141129 trying connect
1675221348.141329 add peer 0x558a83640820: 6 ((nil))
1675221348.142872 sending message 100 to peer 0x558a83640820 (4 bytes)
1675221348.142977 sending message 111 to peer 0x558a83640820 (8 bytes)
1675221348.143059 sending message 101 to peer 0x558a83640820 (7 bytes)
1675221348.143233 sending message 109 to peer 0x558a83640820 (4 bytes)
1675221348.143325 sending message 102 to peer 0x558a83640820 (11 bytes)
1675221348.143415 sending message 108 to peer 0x558a83640820 (106 bytes)
1675221348.143514 sending message 112 to peer 0x558a83640820 (70 bytes)
1675221348.143593 sending message 112 to peer 0x558a83640820 (5 bytes)
1675221348.143677 sending message 112 to peer 0x558a83640820 (5 bytes)
1675221348.143763 sending message 112 to peer 0x558a83640820 (6 bytes)
1675221348.143849 sending message 112 to peer 0x558a83640820 (6 bytes)
1675221348.143930 sending message 112 to peer 0x558a83640820 (11 bytes)
1675221348.144014 sending message 112 to peer 0x558a83640820 (10 bytes)
1675221348.144100 sending message 112 to peer 0x558a83640820 (13 bytes)
1675221348.144478 sending message 112 to peer 0x558a83640820 (13 bytes)
1675221348.144600 sending message 112 to peer 0x558a83640820 (18 bytes)
1675221348.144701 sending message 112 to peer 0x558a83640820 (9 bytes)
1675221348.144820 sending message 112 to peer 0x558a83640820 (21 bytes)
1675221348.144992 sending message 112 to peer 0x558a83640820 (13 bytes)
1675221348.145089 sending message 112 to peer 0x558a83640820 (7 bytes)
1675221348.145177 sending message 112 to peer 0x558a83640820 (13 bytes)
1675221348.145291 sending message 112 to peer 0x558a83640820 (7 bytes)
1675221348.145396 sending message 112 to peer 0x558a83640820 (13 bytes)
1675221348.145487 sending message 112 to peer 0x558a83640820 (9 bytes)
1675221348.145605 sending message 112 to peer 0x558a83640820 (21 bytes)
1675221348.145715 sending message 112 to peer 0x558a83640820 (13 bytes)
1675221348.145790 sending message 112 to peer 0x558a83640820 (8 bytes)
1675221348.145874 sending message 112 to peer 0x558a83640820 (12 bytes)
1675221348.145979 sending message 112 to peer 0x558a83640820 (13 bytes)
1675221348.146149 sending message 112 to peer 0x558a83640820 (9 bytes)
1675221348.146235 sending message 112 to peer 0x558a83640820 (9 bytes)
1675221348.146324 sending message 112 to peer 0x558a83640820 (12 bytes)
1675221348.146413 sending message 112 to peer 0x558a83640820 (8 bytes)
1675221348.146500 sending message 112 to peer 0x558a83640820 (7 bytes)
1675221348.146592 sending message 112 to peer 0x558a83640820 (7 bytes)
1675221348.146678 sending message 112 to peer 0x558a83640820 (9 bytes)
1675221348.146767 sending message 112 to peer 0x558a83640820 (13 bytes)
1675221348.146917 sending message 112 to peer 0x558a83640820 (9 bytes)
1675221348.147009 sending message 112 to peer 0x558a83640820 (15 bytes)
1675221348.147159 sending message 112 to peer 0x558a83640820 (13 bytes)
1675221348.147245 sending message 112 to peer 0x558a83640820 (12 bytes)
1675221348.147337 sending message 112 to peer 0x558a83640820 (8 bytes)
1675221348.147427 sending message 112 to peer 0x558a83640820 (14 bytes)
1675221348.147528 sending message 112 to peer 0x558a83640820 (9 bytes)
1675221348.147625 sending message 112 to peer 0x558a83640820 (10 bytes)
1675221348.147842 sending message 112 to peer 0x558a83640820 (10 bytes)
1675221348.147916 sending message 112 to peer 0x558a83640820 (10 bytes)
1675221348.147990 sending message 112 to peer 0x558a83640820 (10 bytes)
1675221348.148064 sending message 112 to peer 0x558a83640820 (11 bytes)
1675221348.148128 sending message 112 to peer 0x558a83640820 (10 bytes)
1675221348.148202 sending message 112 to peer 0x558a83640820 (8 bytes)
1675221348.148345 sending message 112 to peer 0x558a83640820 (11 bytes)
1675221348.148417 sending message 112 to peer 0x558a83640820 (11 bytes)
1675221348.148489 sending message 112 to peer 0x558a83640820 (11 bytes)
1675221348.148556 sending message 112 to peer 0x558a83640820 (8 bytes)
1675221348.148626 sending message 112 to peer 0x558a83640820 (8 bytes)
1675221348.148697 sending message 112 to peer 0x558a83640820 (8 bytes)
1675221348.148763 sending message 112 to peer 0x558a83640820 (10 bytes)
1675221348.148832 sending message 112 to peer 0x558a83640820 (10 bytes)
1675221348.148901 sending message 112 to peer 0x558a83640820 (10 bytes)
1675221348.148964 sending message 112 to peer 0x558a83640820 (10 bytes)
1675221348.149035 sending message 112 to peer 0x558a83640820 (10 bytes)
1675221348.149108 sending message 112 to peer 0x558a83640820 (11 bytes)
1675221348.149176 sending message 112 to peer 0x558a83640820 (11 bytes)
1675221348.149245 sending message 112 to peer 0x558a83640820 (10 bytes)
1675221348.149317 sending message 112 to peer 0x558a83640820 (9 bytes)
1675221348.149383 sending message 112 to peer 0x558a83640820 (9 bytes)
1675221348.149459 sending message 112 to peer 0x558a83640820 (12 bytes)
1675221348.149532 sending message 112 to peer 0x558a83640820 (9 bytes)
1675221348.149600 sending message 112 to peer 0x558a83640820 (6 bytes)
1675221348.149675 sending message 112 to peer 0x558a83640820 (8 bytes)
1675221348.149748 sending message 112 to peer 0x558a83640820 (15 bytes)
1675221348.149815 sending message 112 to peer 0x558a83640820 (13 bytes)
1675221348.149891 sending message 112 to peer 0x558a83640820 (16 bytes)
1675221348.149966 sending message 112 to peer 0x558a83640820 (16 bytes)
1675221348.150033 sending message 112 to peer 0x558a83640820 (10 bytes)
1675221348.150105 sending message 112 to peer 0x558a83640820 (8 bytes)
1675221348.150178 sending message 112 to peer 0x558a83640820 (15 bytes)
1675221348.150241 sending message 112 to peer 0x558a83640820 (13 bytes)
1675221348.150328 sending message 112 to peer 0x558a83640820 (10 bytes)
1675221348.150403 sending message 112 to peer 0x558a83640820 (10 bytes)
1675221348.150472 sending message 112 to peer 0x558a83640820 (5 bytes)
1675221348.150544 sending message 112 to peer 0x558a83640820 (15 bytes)
1675221348.150619 sending message 104 to peer 0x558a83640820 (0 bytes)
1675221348.150691 sending message 110 to peer 0x558a83640820 (0 bytes)
1675221348.150759 sending message 107 to peer 0x558a83640820 (4 bytes)
1675221348.150829 sending message 105 to peer 0x558a83640820 (29 bytes)
1675221348.150899 sending message 105 to peer 0x558a83640820 (40 bytes)
1675221348.150965 sending message 105 to peer 0x558a83640820 (20 bytes)
1675221348.151037 sending message 105 to peer 0x558a83640820 (54 bytes)
1675221348.151128 sending message 105 to peer 0x558a83640820 (20 bytes)
1675221348.151205 sending message 105 to peer 0x558a83640820 (11 bytes)
1675221348.151274 sending message 105 to peer 0x558a83640820 (21 bytes)
1675221348.151340 sending message 105 to peer 0x558a83640820 (16 bytes)
1675221348.151409 sending message 105 to peer 0x558a83640820 (15 bytes)
1675221348.151477 sending message 105 to peer 0x558a83640820 (63 bytes)
1675221348.151542 sending message 105 to peer 0x558a83640820 (36 bytes)
1675221348.151610 sending message 105 to peer 0x558a83640820 (73 bytes)
1675221348.151683 sending message 105 to peer 0x558a83640820 (24 bytes)
1675221348.151748 sending message 105 to peer 0x558a83640820 (33 bytes)
1675221348.151819 sending message 105 to peer 0x558a83640820 (44 bytes)
1675221348.151894 sending message 105 to peer 0x558a83640820 (29 bytes)
1675221348.151960 sending message 105 to peer 0x558a83640820 (52 bytes)
1675221348.152037 sending message 105 to peer 0x558a83640820 (19 bytes)
1675221348.152104 sending message 105 to peer 0x558a83640820 (28 bytes)
1675221348.152171 sending message 105 to peer 0x558a83640820 (18 bytes)
1675221348.152265 sending message 105 to peer 0x558a83640820 (47 bytes)
1675221348.152335 sending message 105 to peer 0x558a83640820 (23 bytes)
1675221348.152469 sending message 105 to peer 0x558a83640820 (17 bytes)
1675221348.152538 sending message 105 to peer 0x558a83640820 (8 bytes)
1675221348.152605 sending message 105 to peer 0x558a83640820 (15 bytes)
1675221348.152673 sending message 105 to peer 0x558a83640820 (32 bytes)
1675221348.152743 sending message 105 to peer 0x558a83640820 (1519 bytes)
1675221348.152811 sending message 105 to peer 0x558a83640820 (16 bytes)
1675221348.152882 sending message 105 to peer 0x558a83640820 (113 bytes)
1675221348.152955 sending message 105 to peer 0x558a83640820 (39 bytes)
1675221348.153023 sending message 105 to peer 0x558a83640820 (11 bytes)
1675221348.153094 sending message 105 to peer 0x558a83640820 (845 bytes)
1675221348.153164 sending message 105 to peer 0x558a83640820 (110 bytes)
1675221348.153231 sending message 105 to peer 0x558a83640820 (19 bytes)
1675221348.153308 sending message 105 to peer 0x558a83640820 (18 bytes)
1675221348.153383 sending message 105 to peer 0x558a83640820 (82 bytes)
1675221348.153452 sending message 105 to peer 0x558a83640820 (19 bytes)
1675221348.153523 sending message 105 to peer 0x558a83640820 (8 bytes)
1675221348.153595 sending message 105 to peer 0x558a83640820 (33 bytes)
1675221348.153662 sending message 105 to peer 0x558a83640820 (41 bytes)
1675221348.153735 sending message 105 to peer 0x558a83640820 (22 bytes)
1675221348.153803 sending message 105 to peer 0x558a83640820 (12 bytes)
1675221348.153881 sending message 105 to peer 0x558a83640820 (18 bytes)
1675221348.153952 sending message 105 to peer 0x558a83640820 (26 bytes)
1675221348.154023 sending message 105 to peer 0x558a83640820 (37 bytes)
1675221348.154088 sending message 105 to peer 0x558a83640820 (13 bytes)
1675221348.154160 sending message 105 to peer 0x558a83640820 (12 bytes)
1675221348.154232 sending message 105 to peer 0x558a83640820 (16 bytes)
1675221348.154298 sending message 105 to peer 0x558a83640820 (26 bytes)
1675221348.154367 sending message 105 to peer 0x558a83640820 (21 bytes)
1675221348.154453 sending message 105 to peer 0x558a83640820 (63 bytes)
1675221348.154522 sending message 105 to peer 0x558a83640820 (90 bytes)
1675221348.154597 sending message 105 to peer 0x558a83640820 (45 bytes)
1675221348.154672 sending message 105 to peer 0x558a83640820 (64 bytes)
1675221348.154739 sending message 105 to peer 0x558a83640820 (19 bytes)
1675221348.154810 sending message 105 to peer 0x558a83640820 (13 bytes)
1675221348.154888 sending message 105 to peer 0x558a83640820 (41 bytes)
1675221348.154959 sending message 105 to peer 0x558a83640820 (42 bytes)
1675221348.155042 sending message 105 to peer 0x558a83640820 (26 bytes)
1675221348.155143 sending message 105 to peer 0x558a83640820 (178 bytes)
1675221348.155224 sending message 105 to peer 0x558a83640820 (23 bytes)
1675221348.155316 sending message 105 to peer 0x558a83640820 (31 bytes)
1675221348.155403 sending message 105 to peer 0x558a83640820 (23 bytes)
1675221348.155489 sending message 105 to peer 0x558a83640820 (24 bytes)
1675221348.155567 sending message 105 to peer 0x558a83640820 (21 bytes)
1675221348.155661 sending message 105 to peer 0x558a83640820 (20 bytes)
1675221348.155744 sending message 105 to peer 0x558a83640820 (21 bytes)
1675221348.155846 sending message 105 to peer 0x558a83640820 (28 bytes)
1675221348.155918 sending message 105 to peer 0x558a83640820 (16 bytes)
1675221348.155978 sending message 106 to peer 0x558a83640820 (0 bytes)
1675221348.156048 sending message 200 to peer 0x558a83640820 (4 bytes)
1675221348.156109 client loop enter
1675221348.157356 peer 0x558a83640820 message 303
1675221348.157468 open write file 2 -
1675221348.157545 sending message 305 to peer 0x558a83640820 (8 bytes)
1675221348.157629 write check file 2
1675221348.157875 peer 0x558a83640820 message 304
1675221348.157967 write 58 to file 2
1675221348.158059 peer 0x558a83640820 message 203
1675221348.158151 file 2 58 bytes left
1675221348.158296 write check file 2
1675221348.158387 client loop exit
